25/04/2024 11:14:03 PM DEBUG [connection_db.py: 26] CONEXION A DB EXITOSA: <connection object at 0x0000020086ABA790; dsn: 'user=postgres password=xxx dbname=CONTROL_ESCOLAR host=localhost port=5432', closed: 0>
25/04/2024 11:14:52 PM DEBUG [connection_db.py: 26] CONEXION A DB EXITOSA: <connection object at 0x000001C3D089A9B0; dsn: 'user=postgres password=xxx dbname=CONTROL_ESCOLAR host=localhost port=5432', closed: 0>
25/04/2024 11:15:47 PM DEBUG [connection_db.py: 26] CONEXION A DB EXITOSA: <connection object at 0x00000268674629B0; dsn: 'user=postgres password=xxx dbname=CONTROL_ESCOLAR host=localhost port=5432', closed: 0>
25/04/2024 11:18:11 PM DEBUG [connection_db.py: 26] CONEXION A DB EXITOSA: <connection object at 0x0000027774E329B0; dsn: 'user=postgres password=xxx dbname=CONTROL_ESCOLAR host=localhost port=5432', closed: 0>
25/04/2024 11:21:00 PM DEBUG [connection_db.py: 26] CONEXION A DB EXITOSA: <connection object at 0x0000020E146429B0; dsn: 'user=postgres password=xxx dbname=CONTROL_ESCOLAR host=localhost port=5432', closed: 0>
25/04/2024 11:25:46 PM DEBUG [connection_db.py: 26] CONEXION A DB EXITOSA: <connection object at 0x000002065061A9B0; dsn: 'user=postgres password=xxx dbname=CONTROL_ESCOLAR host=localhost port=5432', closed: 0>
25/04/2024 11:26:15 PM DEBUG [connection_db.py: 26] CONEXION A DB EXITOSA: <connection object at 0x0000014C864EA9B0; dsn: 'user=postgres password=xxx dbname=CONTROL_ESCOLAR host=localhost port=5432', closed: 0>
25/04/2024 11:31:30 PM DEBUG [connection_db.py: 26] CONEXION A DB EXITOSA: <connection object at 0x0000018EC0C6AAC0; dsn: 'user=postgres password=xxx dbname=CONTROL_ESCOLAR host=localhost port=5432', closed: 0>
25/04/2024 11:33:38 PM DEBUG [connection_db.py: 26] CONEXION A DB EXITOSA: <connection object at 0x0000023AE9E2EAC0; dsn: 'user=postgres password=xxx dbname=CONTROL_ESCOLAR host=localhost port=5432', closed: 0>
25/04/2024 11:34:12 PM DEBUG [connection_db.py: 26] CONEXION A DB EXITOSA: <connection object at 0x00000216F5EFEAC0; dsn: 'user=postgres password=xxx dbname=CONTROL_ESCOLAR host=localhost port=5432', closed: 0>
26/04/2024 12:17:05 AM DEBUG [connection_db.py: 26] CONEXION A DB EXITOSA: <connection object at 0x000001C877E786A0; dsn: 'user=postgres password=xxx dbname=CONTROL_ESCOLAR host=localhost port=5432', closed: 0>
26/04/2024 12:17:33 AM DEBUG [connection_db.py: 26] CONEXION A DB EXITOSA: <connection object at 0x0000022CA3A886A0; dsn: 'user=postgres password=xxx dbname=CONTROL_ESCOLAR host=localhost port=5432', closed: 0>
26/04/2024 12:17:45 AM DEBUG [connection_db.py: 26] CONEXION A DB EXITOSA: <connection object at 0x00000227E19F86A0; dsn: 'user=postgres password=xxx dbname=CONTROL_ESCOLAR host=localhost port=5432', closed: 0>
26/04/2024 12:17:52 AM DEBUG [connection_db.py: 26] CONEXION A DB EXITOSA: <connection object at 0x00000221519C86A0; dsn: 'user=postgres password=xxx dbname=CONTROL_ESCOLAR host=localhost port=5432', closed: 0>
26/04/2024 12:18:22 AM DEBUG [connection_db.py: 26] CONEXION A DB EXITOSA: <connection object at 0x000002529E8B86A0; dsn: 'user=postgres password=xxx dbname=CONTROL_ESCOLAR host=localhost port=5432', closed: 0>
26/04/2024 12:18:28 AM DEBUG [connection_db.py: 26] CONEXION A DB EXITOSA: <connection object at 0x0000027FDFCB86A0; dsn: 'user=postgres password=xxx dbname=CONTROL_ESCOLAR host=localhost port=5432', closed: 0>
26/04/2024 12:18:43 AM DEBUG [connection_db.py: 26] CONEXION A DB EXITOSA: <connection object at 0x000001E4681286A0; dsn: 'user=postgres password=xxx dbname=CONTROL_ESCOLAR host=localhost port=5432', closed: 0>
26/04/2024 12:18:58 AM DEBUG [connection_db.py: 26] CONEXION A DB EXITOSA: <connection object at 0x0000026A3A6686A0; dsn: 'user=postgres password=xxx dbname=CONTROL_ESCOLAR host=localhost port=5432', closed: 0>
26/04/2024 12:19:04 AM DEBUG [connection_db.py: 26] CONEXION A DB EXITOSA: <connection object at 0x000001E124BF86A0; dsn: 'user=postgres password=xxx dbname=CONTROL_ESCOLAR host=localhost port=5432', closed: 0>
26/04/2024 12:19:16 AM DEBUG [connection_db.py: 26] CONEXION A DB EXITOSA: <connection object at 0x000001C7CD7286A0; dsn: 'user=postgres password=xxx dbname=CONTROL_ESCOLAR host=localhost port=5432', closed: 0>
26/04/2024 12:19:39 AM DEBUG [connection_db.py: 26] CONEXION A DB EXITOSA: <connection object at 0x0000024E059686A0; dsn: 'user=postgres password=xxx dbname=CONTROL_ESCOLAR host=localhost port=5432', closed: 0>
26/04/2024 12:20:05 AM DEBUG [connection_db.py: 26] CONEXION A DB EXITOSA: <connection object at 0x00000242019286A0; dsn: 'user=postgres password=xxx dbname=CONTROL_ESCOLAR host=localhost port=5432', closed: 0>
26/04/2024 12:21:07 AM DEBUG [connection_db.py: 26] CONEXION A DB EXITOSA: <connection object at 0x0000029E894886A0; dsn: 'user=postgres password=xxx dbname=CONTROL_ESCOLAR host=localhost port=5432', closed: 0>
26/04/2024 12:37:39 AM DEBUG [connection_db.py: 26] CONEXION A DB EXITOSA: <connection object at 0x00000213B1BEC6A0; dsn: 'user=postgres password=xxx dbname=CONTROL_ESCOLAR host=localhost port=5432', closed: 0>
26/04/2024 12:38:07 AM DEBUG [connection_db.py: 26] CONEXION A DB EXITOSA: <connection object at 0x000001835C9CC6A0; dsn: 'user=postgres password=xxx dbname=CONTROL_ESCOLAR host=localhost port=5432', closed: 0>
26/04/2024 12:38:36 AM DEBUG [connection_db.py: 26] CONEXION A DB EXITOSA: <connection object at 0x000002A44E12C6A0; dsn: 'user=postgres password=xxx dbname=CONTROL_ESCOLAR host=localhost port=5432', closed: 0>
26/04/2024 12:39:50 AM DEBUG [connection_db.py: 26] CONEXION A DB EXITOSA: <connection object at 0x000002696E0DC6A0; dsn: 'user=postgres password=xxx dbname=CONTROL_ESCOLAR host=localhost port=5432', closed: 0>
26/04/2024 12:40:44 AM DEBUG [connection_db.py: 26] CONEXION A DB EXITOSA: <connection object at 0x00000217958F46A0; dsn: 'user=postgres password=xxx dbname=CONTROL_ESCOLAR host=localhost port=5432', closed: 0>
26/04/2024 12:41:26 AM DEBUG [connection_db.py: 26] CONEXION A DB EXITOSA: <connection object at 0x000002315F4F86A0; dsn: 'user=postgres password=xxx dbname=CONTROL_ESCOLAR host=localhost port=5432', closed: 0>
26/04/2024 01:04:19 AM DEBUG [connection_db.py: 26] CONEXION A DB EXITOSA: <connection object at 0x000001D074B146A0; dsn: 'user=postgres password=xxx dbname=CONTROL_ESCOLAR host=localhost port=5432', closed: 0>
26/04/2024 01:11:03 AM DEBUG [connection_db.py: 26] CONEXION A DB EXITOSA: <connection object at 0x000001E8D0E786A0; dsn: 'user=postgres password=xxx dbname=CONTROL_ESCOLAR host=localhost port=5432', closed: 0>
26/04/2024 01:11:40 AM DEBUG [connection_db.py: 26] CONEXION A DB EXITOSA: <connection object at 0x0000016C1AE386A0; dsn: 'user=postgres password=xxx dbname=CONTROL_ESCOLAR host=localhost port=5432', closed: 0>
26/04/2024 01:14:18 AM DEBUG [connection_db.py: 26] CONEXION A DB EXITOSA: <connection object at 0x00000207FF7386A0; dsn: 'user=postgres password=xxx dbname=CONTROL_ESCOLAR host=localhost port=5432', closed: 0>
26/04/2024 01:17:05 AM DEBUG [connection_db.py: 26] CONEXION A DB EXITOSA: <connection object at 0x0000019E5D9246A0; dsn: 'user=postgres password=xxx dbname=CONTROL_ESCOLAR host=localhost port=5432', closed: 0>
26/04/2024 01:18:34 AM DEBUG [connection_db.py: 26] CONEXION A DB EXITOSA: <connection object at 0x0000024CD6C246A0; dsn: 'user=postgres password=xxx dbname=CONTROL_ESCOLAR host=localhost port=5432', closed: 0>
26/04/2024 01:21:23 AM DEBUG [connection_db.py: 26] CONEXION A DB EXITOSA: <connection object at 0x0000022AE86146A0; dsn: 'user=postgres password=xxx dbname=CONTROL_ESCOLAR host=localhost port=5432', closed: 0>
26/04/2024 01:59:44 AM DEBUG [connection_db.py: 26] CONEXION A DB EXITOSA: <connection object at 0x0000022F8969C6A0; dsn: 'user=postgres password=xxx dbname=CONTROL_ESCOLAR host=localhost port=5432', closed: 0>
26/04/2024 02:21:53 AM DEBUG [connection_db.py: 26] CONEXION A DB EXITOSA: <connection object at 0x000001B6C4C906A0; dsn: 'user=postgres password=xxx dbname=CONTROL_ESCOLAR host=localhost port=5432', closed: 0>
26/04/2024 02:24:33 AM DEBUG [connection_db.py: 26] CONEXION A DB EXITOSA: <connection object at 0x000002239A1B06A0; dsn: 'user=postgres password=xxx dbname=CONTROL_ESCOLAR host=localhost port=5432', closed: 0>
26/04/2024 02:25:31 AM DEBUG [connection_db.py: 26] CONEXION A DB EXITOSA: <connection object at 0x000001E2AD5D06A0; dsn: 'user=postgres password=xxx dbname=CONTROL_ESCOLAR host=localhost port=5432', closed: 0>
26/04/2024 02:26:19 AM DEBUG [connection_db.py: 26] CONEXION A DB EXITOSA: <connection object at 0x0000020BC81206A0; dsn: 'user=postgres password=xxx dbname=CONTROL_ESCOLAR host=localhost port=5432', closed: 0>
26/04/2024 02:27:48 AM DEBUG [connection_db.py: 26] CONEXION A DB EXITOSA: <connection object at 0x000001778B3606A0; dsn: 'user=postgres password=xxx dbname=CONTROL_ESCOLAR host=localhost port=5432', closed: 0>
26/04/2024 02:28:23 AM DEBUG [connection_db.py: 26] CONEXION A DB EXITOSA: <connection object at 0x0000021184D806A0; dsn: 'user=postgres password=xxx dbname=CONTROL_ESCOLAR host=localhost port=5432', closed: 0>
26/04/2024 02:29:26 AM DEBUG [connection_db.py: 26] CONEXION A DB EXITOSA: <connection object at 0x000001362E7906A0; dsn: 'user=postgres password=xxx dbname=CONTROL_ESCOLAR host=localhost port=5432', closed: 0>
26/04/2024 02:31:18 AM DEBUG [connection_db.py: 26] CONEXION A DB EXITOSA: <connection object at 0x000001A5416C06A0; dsn: 'user=postgres password=xxx dbname=CONTROL_ESCOLAR host=localhost port=5432', closed: 0>
26/04/2024 02:32:00 AM DEBUG [connection_db.py: 26] CONEXION A DB EXITOSA: <connection object at 0x000001F38E4F06A0; dsn: 'user=postgres password=xxx dbname=CONTROL_ESCOLAR host=localhost port=5432', closed: 0>
26/04/2024 02:34:27 AM DEBUG [connection_db.py: 26] CONEXION A DB EXITOSA: <connection object at 0x000002139F7C06A0; dsn: 'user=postgres password=xxx dbname=CONTROL_ESCOLAR host=localhost port=5432', closed: 0>
26/04/2024 02:36:36 AM DEBUG [connection_db.py: 26] CONEXION A DB EXITOSA: <connection object at 0x000001FBA90006A0; dsn: 'user=postgres password=xxx dbname=CONTROL_ESCOLAR host=localhost port=5432', closed: 0>
26/04/2024 02:37:24 AM DEBUG [connection_db.py: 26] CONEXION A DB EXITOSA: <connection object at 0x000001E6973E06A0; dsn: 'user=postgres password=xxx dbname=CONTROL_ESCOLAR host=localhost port=5432', closed: 0>
26/04/2024 02:39:30 AM DEBUG [connection_db.py: 26] CONEXION A DB EXITOSA: <connection object at 0x000001F229C906A0; dsn: 'user=postgres password=xxx dbname=CONTROL_ESCOLAR host=localhost port=5432', closed: 0>
26/04/2024 11:14:20 AM DEBUG [connection_db.py: 26] CONEXION A DB EXITOSA: <connection object at 0x000001F59D52AAC0; dsn: 'user=postgres password=xxx dbname=CONTROL_ESCOLAR host=localhost port=5432', closed: 0>
26/04/2024 11:15:20 AM DEBUG [connection_db.py: 26] CONEXION A DB EXITOSA: <connection object at 0x0000023B0EF606A0; dsn: 'user=postgres password=xxx dbname=CONTROL_ESCOLAR host=localhost port=5432', closed: 0>
26/04/2024 11:19:47 AM DEBUG [connection_db.py: 26] CONEXION A DB EXITOSA: <connection object at 0x00000183202706A0; dsn: 'user=postgres password=xxx dbname=CONTROL_ESCOLAR host=localhost port=5432', closed: 0>
26/04/2024 11:27:36 AM DEBUG [connection_db.py: 26] CONEXION A DB EXITOSA: <connection object at 0x000001E2071347B0; dsn: 'user=postgres password=xxx dbname=CONTROL_ESCOLAR host=localhost port=5432', closed: 0>
26/04/2024 11:28:10 AM DEBUG [connection_db.py: 26] CONEXION A DB EXITOSA: <connection object at 0x00000210FBA006A0; dsn: 'user=postgres password=xxx dbname=CONTROL_ESCOLAR host=localhost port=5432', closed: 0>
26/04/2024 11:34:22 AM DEBUG [connection_db.py: 26] CONEXION A DB EXITOSA: <connection object at 0x000002115CD909D0; dsn: 'user=postgres password=xxx dbname=CONTROL_ESCOLAR host=localhost port=5432', closed: 0>
26/04/2024 11:37:30 AM DEBUG [connection_db.py: 26] CONEXION A DB EXITOSA: <connection object at 0x00000254ACC809D0; dsn: 'user=postgres password=xxx dbname=CONTROL_ESCOLAR host=localhost port=5432', closed: 0>
26/04/2024 11:39:58 AM DEBUG [connection_db.py: 26] CONEXION A DB EXITOSA: <connection object at 0x0000018D264509D0; dsn: 'user=postgres password=xxx dbname=CONTROL_ESCOLAR host=localhost port=5432', closed: 0>
26/04/2024 11:40:33 AM DEBUG [connection_db.py: 26] CONEXION A DB EXITOSA: <connection object at 0x00000219362809D0; dsn: 'user=postgres password=xxx dbname=CONTROL_ESCOLAR host=localhost port=5432', closed: 0>
01/05/2024 11:34:56 AM ERROR [connection_db.py: 29] FALLA EN LA CONEXION: 'utf-8' codec can't decode byte 0xf3 in position 85: invalid continuation byte
01/05/2024 11:35:42 AM ERROR [connection_db.py: 29] FALLA EN LA CONEXION: 'utf-8' codec can't decode byte 0xf3 in position 85: invalid continuation byte
04/05/2024 12:17:00 PM ERROR [connection_db.py: 29] FALLA EN LA CONEXION: 'utf-8' codec can't decode byte 0xf3 in position 85: invalid continuation byte
04/05/2024 12:29:10 PM ERROR [connection_db.py: 29] FALLA EN LA CONEXION: 'utf-8' codec can't decode byte 0xf3 in position 85: invalid continuation byte
04/05/2024 12:37:17 PM ERROR [connection_db.py: 29] FALLA EN LA CONEXION: 'utf-8' codec can't decode byte 0xf3 in position 85: invalid continuation byte
04/05/2024 12:37:22 PM ERROR [connection_db.py: 29] FALLA EN LA CONEXION: 'utf-8' codec can't decode byte 0xf3 in position 85: invalid continuation byte
04/05/2024 12:42:05 PM ERROR [connection_db.py: 29] FALLA EN LA CONEXION: 'utf-8' codec can't decode byte 0xf3 in position 85: invalid continuation byte
04/05/2024 12:42:56 PM ERROR [connection_db.py: 29] FALLA EN LA CONEXION: 'utf-8' codec can't decode byte 0xf3 in position 85: invalid continuation byte
04/05/2024 12:54:36 PM DEBUG [connection_db.py: 26] CONEXION A DB EXITOSA: <connection object at 0x000002777D932790; dsn: 'user=postgres password=xxx dbname=CONTROL_ESCOLAR host=localhost port=5432', closed: 0>
04/05/2024 12:54:36 PM DEBUG [connection_db.py: 39] CURSOR CREADO: <cursor object at 0x000002777D961D20; closed: 0>
04/05/2024 12:54:36 PM DEBUG [connection_db.py: 50] CONEXION CERRADA
04/05/2024 01:02:13 PM DEBUG [connection_db.py: 26] CONEXION A DB EXITOSA: <connection object at 0x000002220D7B8150; dsn: 'user=postgres password=xxx dbname=CONTROL_ESCOLAR host=localhost port=5432', closed: 0>
04/05/2024 01:02:28 PM DEBUG [connection_db.py: 26] CONEXION A DB EXITOSA: <connection object at 0x0000026DA53ABDE0; dsn: 'user=postgres password=xxx dbname=CONTROL_ESCOLAR host=localhost port=5432', closed: 0>
04/05/2024 01:30:56 PM DEBUG [connection_db.py: 26] CONEXION A DB EXITOSA: <connection object at 0x0000029FC049FCD0; dsn: 'user=postgres password=xxx dbname=CONTROL_ESCOLAR host=localhost port=5432', closed: 0>
04/05/2024 01:31:48 PM DEBUG [connection_db.py: 26] CONEXION A DB EXITOSA: <connection object at 0x0000027DDB04BCD0; dsn: 'user=postgres password=xxx dbname=CONTROL_ESCOLAR host=localhost port=5432', closed: 0>
04/05/2024 01:32:35 PM DEBUG [connection_db.py: 26] CONEXION A DB EXITOSA: <connection object at 0x0000029AB2A1BCD0; dsn: 'user=postgres password=xxx dbname=CONTROL_ESCOLAR host=localhost port=5432', closed: 0>
04/05/2024 01:32:50 PM DEBUG [connection_db.py: 26] CONEXION A DB EXITOSA: <connection object at 0x0000019CD86CBCD0; dsn: 'user=postgres password=xxx dbname=CONTROL_ESCOLAR host=localhost port=5432', closed: 0>
04/05/2024 01:33:01 PM DEBUG [connection_db.py: 26] CONEXION A DB EXITOSA: <connection object at 0x00000220D9F0BCD0; dsn: 'user=postgres password=xxx dbname=CONTROL_ESCOLAR host=localhost port=5432', closed: 0>
04/05/2024 01:34:19 PM DEBUG [connection_db.py: 26] CONEXION A DB EXITOSA: <connection object at 0x0000016D01F1BCD0; dsn: 'user=postgres password=xxx dbname=CONTROL_ESCOLAR host=localhost port=5432', closed: 0>
04/05/2024 01:36:56 PM DEBUG [connection_db.py: 26] CONEXION A DB EXITOSA: <connection object at 0x00000233FD10BCD0; dsn: 'user=postgres password=xxx dbname=CONTROL_ESCOLAR host=localhost port=5432', closed: 0>
04/05/2024 01:37:13 PM DEBUG [connection_db.py: 26] CONEXION A DB EXITOSA: <connection object at 0x0000018C8314BCD0; dsn: 'user=postgres password=xxx dbname=CONTROL_ESCOLAR host=localhost port=5432', closed: 0>
04/05/2024 01:38:56 PM DEBUG [connection_db.py: 26] CONEXION A DB EXITOSA: <connection object at 0x0000026EB555BCD0; dsn: 'user=postgres password=xxx dbname=CONTROL_ESCOLAR host=localhost port=5432', closed: 0>
04/05/2024 01:38:59 PM DEBUG [connection_db.py: 26] CONEXION A DB EXITOSA: <connection object at 0x000001A9897DBCD0; dsn: 'user=postgres password=xxx dbname=CONTROL_ESCOLAR host=localhost port=5432', closed: 0>
04/05/2024 01:39:16 PM DEBUG [connection_db.py: 26] CONEXION A DB EXITOSA: <connection object at 0x000001E80361BCD0; dsn: 'user=postgres password=xxx dbname=CONTROL_ESCOLAR host=localhost port=5432', closed: 0>
04/05/2024 01:40:21 PM DEBUG [connection_db.py: 26] CONEXION A DB EXITOSA: <connection object at 0x00000195650BBCD0; dsn: 'user=postgres password=xxx dbname=CONTROL_ESCOLAR host=localhost port=5432', closed: 0>
04/05/2024 01:40:57 PM DEBUG [connection_db.py: 26] CONEXION A DB EXITOSA: <connection object at 0x000001EBCFB8BCD0; dsn: 'user=postgres password=xxx dbname=CONTROL_ESCOLAR host=localhost port=5432', closed: 0>
04/05/2024 01:41:25 PM DEBUG [connection_db.py: 26] CONEXION A DB EXITOSA: <connection object at 0x0000013ACBCABCD0; dsn: 'user=postgres password=xxx dbname=CONTROL_ESCOLAR host=localhost port=5432', closed: 0>
04/05/2024 01:41:38 PM DEBUG [connection_db.py: 26] CONEXION A DB EXITOSA: <connection object at 0x0000019ADF70BCD0; dsn: 'user=postgres password=xxx dbname=CONTROL_ESCOLAR host=localhost port=5432', closed: 0>
04/05/2024 01:42:20 PM DEBUG [connection_db.py: 26] CONEXION A DB EXITOSA: <connection object at 0x0000019B707BBCD0; dsn: 'user=postgres password=xxx dbname=CONTROL_ESCOLAR host=localhost port=5432', closed: 0>
04/05/2024 01:44:30 PM DEBUG [connection_db.py: 26] CONEXION A DB EXITOSA: <connection object at 0x000001F7FB70BCD0; dsn: 'user=postgres password=xxx dbname=CONTROL_ESCOLAR host=localhost port=5432', closed: 0>
04/05/2024 01:44:42 PM DEBUG [connection_db.py: 26] CONEXION A DB EXITOSA: <connection object at 0x0000029FF076BCD0; dsn: 'user=postgres password=xxx dbname=CONTROL_ESCOLAR host=localhost port=5432', closed: 0>
04/05/2024 01:45:07 PM DEBUG [connection_db.py: 26] CONEXION A DB EXITOSA: <connection object at 0x000002102DFBBCD0; dsn: 'user=postgres password=xxx dbname=CONTROL_ESCOLAR host=localhost port=5432', closed: 0>
04/05/2024 01:45:17 PM DEBUG [connection_db.py: 26] CONEXION A DB EXITOSA: <connection object at 0x000001E1B29FBDE0; dsn: 'user=postgres password=xxx dbname=CONTROL_ESCOLAR host=localhost port=5432', closed: 0>
04/05/2024 01:45:31 PM DEBUG [connection_db.py: 26] CONEXION A DB EXITOSA: <connection object at 0x0000027BD9BEBCD0; dsn: 'user=postgres password=xxx dbname=CONTROL_ESCOLAR host=localhost port=5432', closed: 0>
04/05/2024 01:45:53 PM DEBUG [connection_db.py: 26] CONEXION A DB EXITOSA: <connection object at 0x00000239A32EBCD0; dsn: 'user=postgres password=xxx dbname=CONTROL_ESCOLAR host=localhost port=5432', closed: 0>
04/05/2024 01:46:01 PM DEBUG [connection_db.py: 26] CONEXION A DB EXITOSA: <connection object at 0x000002345505BCD0; dsn: 'user=postgres password=xxx dbname=CONTROL_ESCOLAR host=localhost port=5432', closed: 0>
04/05/2024 01:46:18 PM DEBUG [connection_db.py: 26] CONEXION A DB EXITOSA: <connection object at 0x0000019192DEBDE0; dsn: 'user=postgres password=xxx dbname=CONTROL_ESCOLAR host=localhost port=5432', closed: 0>
04/05/2024 01:53:08 PM DEBUG [connection_db.py: 26] CONEXION A DB EXITOSA: <connection object at 0x000002777FA4BDE0; dsn: 'user=postgres password=xxx dbname=CONTROL_ESCOLAR host=localhost port=5432', closed: 0>
04/05/2024 01:58:01 PM DEBUG [connection_db.py: 26] CONEXION A DB EXITOSA: <connection object at 0x000002342B23BDE0; dsn: 'user=postgres password=xxx dbname=CONTROL_ESCOLAR host=localhost port=5432', closed: 0>
04/05/2024 01:58:49 PM DEBUG [connection_db.py: 26] CONEXION A DB EXITOSA: <connection object at 0x000002D1517ABCD0; dsn: 'user=postgres password=xxx dbname=CONTROL_ESCOLAR host=localhost port=5432', closed: 0>
04/05/2024 02:08:15 PM DEBUG [connection_db.py: 26] CONEXION A DB EXITOSA: <connection object at 0x00000233556BBCD0; dsn: 'user=postgres password=xxx dbname=CONTROL_ESCOLAR host=localhost port=5432', closed: 0>
04/05/2024 02:09:38 PM DEBUG [connection_db.py: 26] CONEXION A DB EXITOSA: <connection object at 0x000001F817E6BDE0; dsn: 'user=postgres password=xxx dbname=CONTROL_ESCOLAR host=localhost port=5432', closed: 0>
04/05/2024 02:12:40 PM DEBUG [connection_db.py: 26] CONEXION A DB EXITOSA: <connection object at 0x0000020245FBBCD0; dsn: 'user=postgres password=xxx dbname=CONTROL_ESCOLAR host=localhost port=5432', closed: 0>
04/05/2024 02:13:50 PM DEBUG [connection_db.py: 26] CONEXION A DB EXITOSA: <connection object at 0x00000226EA42BCD0; dsn: 'user=postgres password=xxx dbname=CONTROL_ESCOLAR host=localhost port=5432', closed: 0>
04/05/2024 02:16:15 PM DEBUG [connection_db.py: 26] CONEXION A DB EXITOSA: <connection object at 0x0000026DC37DFCD0; dsn: 'user=postgres password=xxx dbname=CONTROL_ESCOLAR host=localhost port=5432', closed: 0>
04/05/2024 02:23:06 PM DEBUG [connection_db.py: 26] CONEXION A DB EXITOSA: <connection object at 0x00000220658FBDE0; dsn: 'user=postgres password=xxx dbname=CONTROL_ESCOLAR host=localhost port=5432', closed: 0>
04/05/2024 02:24:23 PM DEBUG [connection_db.py: 26] CONEXION A DB EXITOSA: <connection object at 0x0000015E600A8150; dsn: 'user=postgres password=xxx dbname=CONTROL_ESCOLAR host=localhost port=5432', closed: 0>
04/05/2024 02:26:49 PM DEBUG [connection_db.py: 26] CONEXION A DB EXITOSA: <connection object at 0x0000023534D3BDE0; dsn: 'user=postgres password=xxx dbname=CONTROL_ESCOLAR host=localhost port=5432', closed: 0>
04/05/2024 02:28:22 PM DEBUG [connection_db.py: 26] CONEXION A DB EXITOSA: <connection object at 0x000001C6ECE48260; dsn: 'user=postgres password=xxx dbname=CONTROL_ESCOLAR host=localhost port=5432', closed: 0>
04/05/2024 02:29:13 PM DEBUG [connection_db.py: 26] CONEXION A DB EXITOSA: <connection object at 0x00000283EB048260; dsn: 'user=postgres password=xxx dbname=CONTROL_ESCOLAR host=localhost port=5432', closed: 0>
04/05/2024 02:44:38 PM DEBUG [connection_db.py: 26] CONEXION A DB EXITOSA: <connection object at 0x00000194DC4EBCD0; dsn: 'user=postgres password=xxx dbname=CONTROL_ESCOLAR host=localhost port=5432', closed: 0>
04/05/2024 02:45:39 PM DEBUG [connection_db.py: 26] CONEXION A DB EXITOSA: <connection object at 0x000001744B67BCD0; dsn: 'user=postgres password=xxx dbname=CONTROL_ESCOLAR host=localhost port=5432', closed: 0>
04/05/2024 03:06:53 PM DEBUG [connection_db.py: 26] CONEXION A DB EXITOSA: <connection object at 0x000001AA1D568260; dsn: 'user=postgres password=xxx dbname=CONTROL_ESCOLAR host=localhost port=5432', closed: 0>
04/05/2024 03:14:59 PM DEBUG [connection_db.py: 26] CONEXION A DB EXITOSA: <connection object at 0x0000013B3FE1BCD0; dsn: 'user=postgres password=xxx dbname=CONTROL_ESCOLAR host=localhost port=5432', closed: 0>
04/05/2024 03:16:34 PM DEBUG [connection_db.py: 26] CONEXION A DB EXITOSA: <connection object at 0x00000132EE34BCD0; dsn: 'user=postgres password=xxx dbname=CONTROL_ESCOLAR host=localhost port=5432', closed: 0>
04/05/2024 03:39:16 PM DEBUG [connection_db.py: 26] CONEXION A DB EXITOSA: <connection object at 0x0000026BC706FCD0; dsn: 'user=postgres password=xxx dbname=CONTROL_ESCOLAR host=localhost port=5432', closed: 0>
04/05/2024 03:41:18 PM DEBUG [connection_db.py: 26] CONEXION A DB EXITOSA: <connection object at 0x000002A23B95BDE0; dsn: 'user=postgres password=xxx dbname=CONTROL_ESCOLAR host=localhost port=5432', closed: 0>
04/05/2024 03:49:59 PM DEBUG [connection_db.py: 26] CONEXION A DB EXITOSA: <connection object at 0x000002708F2B8260; dsn: 'user=postgres password=xxx dbname=CONTROL_ESCOLAR host=localhost port=5432', closed: 0>
04/05/2024 03:52:20 PM DEBUG [connection_db.py: 26] CONEXION A DB EXITOSA: <connection object at 0x00000215E3D73CD0; dsn: 'user=postgres password=xxx dbname=CONTROL_ESCOLAR host=localhost port=5432', closed: 0>
04/05/2024 03:52:30 PM DEBUG [connection_db.py: 26] CONEXION A DB EXITOSA: <connection object at 0x000001671B218260; dsn: 'user=postgres password=xxx dbname=CONTROL_ESCOLAR host=localhost port=5432', closed: 0>
04/05/2024 04:35:29 PM DEBUG [connection_db.py: 26] CONEXION A DB EXITOSA: <connection object at 0x0000021CDC213EF0; dsn: 'user=postgres password=xxx dbname=CONTROL_ESCOLAR host=localhost port=5432', closed: 0>
04/05/2024 05:23:13 PM DEBUG [connection_db.py: 26] CONEXION A DB EXITOSA: <connection object at 0x000001DDCECABDE0; dsn: 'user=postgres password=xxx dbname=CONTROL_ESCOLAR host=localhost port=5432', closed: 0>
04/05/2024 05:28:36 PM DEBUG [connection_db.py: 26] CONEXION A DB EXITOSA: <connection object at 0x0000018C5F46FDE0; dsn: 'user=postgres password=xxx dbname=CONTROL_ESCOLAR host=localhost port=5432', closed: 0>
04/05/2024 05:30:39 PM DEBUG [connection_db.py: 26] CONEXION A DB EXITOSA: <connection object at 0x00000248491BFDE0; dsn: 'user=postgres password=xxx dbname=CONTROL_ESCOLAR host=localhost port=5432', closed: 0>
04/05/2024 05:31:34 PM DEBUG [connection_db.py: 26] CONEXION A DB EXITOSA: <connection object at 0x000001D620B6FDE0; dsn: 'user=postgres password=xxx dbname=CONTROL_ESCOLAR host=localhost port=5432', closed: 0>
04/05/2024 05:35:41 PM DEBUG [connection_db.py: 26] CONEXION A DB EXITOSA: <connection object at 0x000001B19937FDE0; dsn: 'user=postgres password=xxx dbname=CONTROL_ESCOLAR host=localhost port=5432', closed: 0>
04/05/2024 05:41:10 PM DEBUG [connection_db.py: 26] CONEXION A DB EXITOSA: <connection object at 0x0000019210059470; dsn: 'user=postgres password=xxx dbname=CONTROL_ESCOLAR host=localhost port=5432', closed: 0>
04/05/2024 07:18:15 PM DEBUG [connection_db.py: 26] CONEXION A DB EXITOSA: <connection object at 0x0000020309B1BCD0; dsn: 'user=postgres password=xxx dbname=CONTROL_ESCOLAR host=localhost port=5432', closed: 0>
04/05/2024 07:18:32 PM DEBUG [connection_db.py: 26] CONEXION A DB EXITOSA: <connection object at 0x0000022912FCBCD0; dsn: 'user=postgres password=xxx dbname=CONTROL_ESCOLAR host=localhost port=5432', closed: 0>
04/05/2024 07:22:13 PM DEBUG [connection_db.py: 26] CONEXION A DB EXITOSA: <connection object at 0x0000014CAFB9BCD0; dsn: 'user=postgres password=xxx dbname=CONTROL_ESCOLAR host=localhost port=5432', closed: 0>
04/05/2024 07:23:15 PM DEBUG [connection_db.py: 26] CONEXION A DB EXITOSA: <connection object at 0x000001D3F214BCD0; dsn: 'user=postgres password=xxx dbname=CONTROL_ESCOLAR host=localhost port=5432', closed: 0>
04/05/2024 07:24:20 PM DEBUG [connection_db.py: 26] CONEXION A DB EXITOSA: <connection object at 0x000002A6CE48BCD0; dsn: 'user=postgres password=xxx dbname=CONTROL_ESCOLAR host=localhost port=5432', closed: 0>
04/05/2024 07:31:34 PM DEBUG [connection_db.py: 26] CONEXION A DB EXITOSA: <connection object at 0x000001FCAA7FBCD0; dsn: 'user=postgres password=xxx dbname=CONTROL_ESCOLAR host=localhost port=5432', closed: 0>
04/05/2024 07:32:09 PM DEBUG [connection_db.py: 26] CONEXION A DB EXITOSA: <connection object at 0x00000238C446BCD0; dsn: 'user=postgres password=xxx dbname=CONTROL_ESCOLAR host=localhost port=5432', closed: 0>
04/05/2024 07:32:20 PM DEBUG [connection_db.py: 26] CONEXION A DB EXITOSA: <connection object at 0x000002190765BCD0; dsn: 'user=postgres password=xxx dbname=CONTROL_ESCOLAR host=localhost port=5432', closed: 0>
04/05/2024 07:37:23 PM DEBUG [connection_db.py: 26] CONEXION A DB EXITOSA: <connection object at 0x000001D12E58BCD0; dsn: 'user=postgres password=xxx dbname=CONTROL_ESCOLAR host=localhost port=5432', closed: 0>
04/05/2024 07:38:33 PM DEBUG [connection_db.py: 26] CONEXION A DB EXITOSA: <connection object at 0x000001D3B8DCBCD0; dsn: 'user=postgres password=xxx dbname=CONTROL_ESCOLAR host=localhost port=5432', closed: 0>
04/05/2024 07:41:45 PM DEBUG [connection_db.py: 26] CONEXION A DB EXITOSA: <connection object at 0x0000022AB55ABCD0; dsn: 'user=postgres password=xxx dbname=CONTROL_ESCOLAR host=localhost port=5432', closed: 0>
04/05/2024 07:42:48 PM DEBUG [connection_db.py: 26] CONEXION A DB EXITOSA: <connection object at 0x000001F63D28BCD0; dsn: 'user=postgres password=xxx dbname=CONTROL_ESCOLAR host=localhost port=5432', closed: 0>
04/05/2024 07:43:05 PM DEBUG [connection_db.py: 26] CONEXION A DB EXITOSA: <connection object at 0x0000022C0D14BCD0; dsn: 'user=postgres password=xxx dbname=CONTROL_ESCOLAR host=localhost port=5432', closed: 0>
04/05/2024 07:44:44 PM DEBUG [connection_db.py: 26] CONEXION A DB EXITOSA: <connection object at 0x000002005C297CD0; dsn: 'user=postgres password=xxx dbname=CONTROL_ESCOLAR host=localhost port=5432', closed: 0>
04/05/2024 07:47:21 PM DEBUG [connection_db.py: 26] CONEXION A DB EXITOSA: <connection object at 0x000002286FC83CD0; dsn: 'user=postgres password=xxx dbname=CONTROL_ESCOLAR host=localhost port=5432', closed: 0>
04/05/2024 09:53:35 PM DEBUG [connection_db.py: 26] CONEXION A DB EXITOSA: <connection object at 0x0000019F4B063CD0; dsn: 'user=postgres password=xxx dbname=CONTROL_ESCOLAR host=localhost port=5432', closed: 0>
04/05/2024 09:53:58 PM DEBUG [connection_db.py: 26] CONEXION A DB EXITOSA: <connection object at 0x000001D7C2823CD0; dsn: 'user=postgres password=xxx dbname=CONTROL_ESCOLAR host=localhost port=5432', closed: 0>
04/05/2024 09:55:11 PM DEBUG [connection_db.py: 26] CONEXION A DB EXITOSA: <connection object at 0x00000266BFCFFCD0; dsn: 'user=postgres password=xxx dbname=CONTROL_ESCOLAR host=localhost port=5432', closed: 0>
04/05/2024 10:01:18 PM DEBUG [connection_db.py: 26] CONEXION A DB EXITOSA: <connection object at 0x0000018F5B463CD0; dsn: 'user=postgres password=xxx dbname=CONTROL_ESCOLAR host=localhost port=5432', closed: 0>
04/05/2024 10:02:09 PM DEBUG [connection_db.py: 26] CONEXION A DB EXITOSA: <connection object at 0x00000164CA9C3CD0; dsn: 'user=postgres password=xxx dbname=CONTROL_ESCOLAR host=localhost port=5432', closed: 0>
04/05/2024 10:08:18 PM DEBUG [connection_db.py: 26] CONEXION A DB EXITOSA: <connection object at 0x0000020F1E453CD0; dsn: 'user=postgres password=xxx dbname=CONTROL_ESCOLAR host=localhost port=5432', closed: 0>
04/05/2024 10:12:52 PM DEBUG [connection_db.py: 26] CONEXION A DB EXITOSA: <connection object at 0x0000025E7FA43CD0; dsn: 'user=postgres password=xxx dbname=CONTROL_ESCOLAR host=localhost port=5432', closed: 0>
04/05/2024 10:14:09 PM DEBUG [connection_db.py: 26] CONEXION A DB EXITOSA: <connection object at 0x000001870DD63CD0; dsn: 'user=postgres password=xxx dbname=CONTROL_ESCOLAR host=localhost port=5432', closed: 0>
04/05/2024 10:16:15 PM DEBUG [connection_db.py: 26] CONEXION A DB EXITOSA: <connection object at 0x00000236C2893CD0; dsn: 'user=postgres password=xxx dbname=CONTROL_ESCOLAR host=localhost port=5432', closed: 0>
04/05/2024 10:18:20 PM DEBUG [connection_db.py: 26] CONEXION A DB EXITOSA: <connection object at 0x000001E3F3933CD0; dsn: 'user=postgres password=xxx dbname=CONTROL_ESCOLAR host=localhost port=5432', closed: 0>
04/05/2024 10:23:42 PM DEBUG [connection_db.py: 26] CONEXION A DB EXITOSA: <connection object at 0x000001AF4D853CD0; dsn: 'user=postgres password=xxx dbname=CONTROL_ESCOLAR host=localhost port=5432', closed: 0>
04/05/2024 10:24:20 PM DEBUG [connection_db.py: 26] CONEXION A DB EXITOSA: <connection object at 0x0000023F75AE3CD0; dsn: 'user=postgres password=xxx dbname=CONTROL_ESCOLAR host=localhost port=5432', closed: 0>
04/05/2024 10:39:59 PM DEBUG [connection_db.py: 26] CONEXION A DB EXITOSA: <connection object at 0x000002795C897DE0; dsn: 'user=postgres password=xxx dbname=CONTROL_ESCOLAR host=localhost port=5432', closed: 0>
04/05/2024 10:43:09 PM DEBUG [connection_db.py: 26] CONEXION A DB EXITOSA: <connection object at 0x0000018CCDC67DE0; dsn: 'user=postgres password=xxx dbname=CONTROL_ESCOLAR host=localhost port=5432', closed: 0>
04/05/2024 10:45:58 PM DEBUG [connection_db.py: 26] CONEXION A DB EXITOSA: <connection object at 0x0000021F61247DE0; dsn: 'user=postgres password=xxx dbname=CONTROL_ESCOLAR host=localhost port=5432', closed: 0>
04/05/2024 10:58:31 PM DEBUG [connection_db.py: 26] CONEXION A DB EXITOSA: <connection object at 0x000001B65AF27DE0; dsn: 'user=postgres password=xxx dbname=CONTROL_ESCOLAR host=localhost port=5432', closed: 0>
04/05/2024 11:00:05 PM DEBUG [connection_db.py: 26] CONEXION A DB EXITOSA: <connection object at 0x00000202DBC67DE0; dsn: 'user=postgres password=xxx dbname=CONTROL_ESCOLAR host=localhost port=5432', closed: 0>
04/05/2024 11:00:39 PM DEBUG [connection_db.py: 26] CONEXION A DB EXITOSA: <connection object at 0x000001F595E77DE0; dsn: 'user=postgres password=xxx dbname=CONTROL_ESCOLAR host=localhost port=5432', closed: 0>
04/05/2024 11:01:24 PM DEBUG [connection_db.py: 26] CONEXION A DB EXITOSA: <connection object at 0x000002137B317DE0; dsn: 'user=postgres password=xxx dbname=CONTROL_ESCOLAR host=localhost port=5432', closed: 0>
04/05/2024 11:04:53 PM DEBUG [connection_db.py: 26] CONEXION A DB EXITOSA: <connection object at 0x0000021F972D7DE0; dsn: 'user=postgres password=xxx dbname=CONTROL_ESCOLAR host=localhost port=5432', closed: 0>
04/05/2024 11:05:52 PM DEBUG [connection_db.py: 26] CONEXION A DB EXITOSA: <connection object at 0x000001F98F9B7DE0; dsn: 'user=postgres password=xxx dbname=CONTROL_ESCOLAR host=localhost port=5432', closed: 0>
04/05/2024 11:07:05 PM DEBUG [connection_db.py: 26] CONEXION A DB EXITOSA: <connection object at 0x0000020344868590; dsn: 'user=postgres password=xxx dbname=CONTROL_ESCOLAR host=localhost port=5432', closed: 0>
04/05/2024 11:08:24 PM DEBUG [connection_db.py: 26] CONEXION A DB EXITOSA: <connection object at 0x0000016FEBAAD690; dsn: 'user=postgres password=xxx dbname=CONTROL_ESCOLAR host=localhost port=5432', closed: 0>
06/05/2024 12:24:11 PM DEBUG [connection_db.py: 26] CONEXION A DB EXITOSA: <connection object at 0x00000209C897BDE0; dsn: 'user=postgres password=xxx dbname=CONTROL_ESCOLAR host=localhost port=5432', closed: 0>
06/05/2024 12:27:33 PM DEBUG [connection_db.py: 26] CONEXION A DB EXITOSA: <connection object at 0x000001C4684547B0; dsn: 'user=postgres password=xxx dbname=CONTROL_ESCOLAR host=localhost port=5432', closed: 0>
06/05/2024 12:28:47 PM DEBUG [connection_db.py: 26] CONEXION A DB EXITOSA: <connection object at 0x000001C24EA4BDE0; dsn: 'user=postgres password=xxx dbname=CONTROL_ESCOLAR host=localhost port=5432', closed: 0>
06/05/2024 12:33:54 PM DEBUG [connection_db.py: 26] CONEXION A DB EXITOSA: <connection object at 0x000002105DEFBDE0; dsn: 'user=postgres password=xxx dbname=CONTROL_ESCOLAR host=localhost port=5432', closed: 0>
06/05/2024 12:45:39 PM DEBUG [connection_db.py: 26] CONEXION A DB EXITOSA: <connection object at 0x000002452A56BCD0; dsn: 'user=postgres password=xxx dbname=CONTROL_ESCOLAR host=localhost port=5432', closed: 0>
07/05/2024 11:16:42 AM DEBUG [connection_db.py: 26] CONEXION A DB EXITOSA: <connection object at 0x000001300428C7B0; dsn: 'user=postgres password=xxx dbname=CONTROL_ESCOLAR host=localhost port=5432', closed: 0>
07/05/2024 12:57:20 PM DEBUG [connection_db.py: 26] CONEXION A DB EXITOSA: <connection object at 0x00000200A6453CD0; dsn: 'user=postgres password=xxx dbname=CONTROL_ESCOLAR host=localhost port=5432', closed: 0>
07/05/2024 12:59:04 PM DEBUG [connection_db.py: 26] CONEXION A DB EXITOSA: <connection object at 0x0000025D8D283CD0; dsn: 'user=postgres password=xxx dbname=CONTROL_ESCOLAR host=localhost port=5432', closed: 0>
07/05/2024 01:01:10 PM DEBUG [connection_db.py: 26] CONEXION A DB EXITOSA: <connection object at 0x000002B9B0EF3CD0; dsn: 'user=postgres password=xxx dbname=CONTROL_ESCOLAR host=localhost port=5432', closed: 0>
07/05/2024 01:03:02 PM DEBUG [connection_db.py: 26] CONEXION A DB EXITOSA: <connection object at 0x0000015A87673CD0; dsn: 'user=postgres password=xxx dbname=CONTROL_ESCOLAR host=localhost port=5432', closed: 0>
07/05/2024 01:07:34 PM DEBUG [connection_db.py: 26] CONEXION A DB EXITOSA: <connection object at 0x000001B2CF2EBDE0; dsn: 'user=postgres password=xxx dbname=CONTROL_ESCOLAR host=localhost port=5432', closed: 0>
07/05/2024 01:13:11 PM DEBUG [connection_db.py: 26] CONEXION A DB EXITOSA: <connection object at 0x00000215DE40FEF0; dsn: 'user=postgres password=xxx dbname=CONTROL_ESCOLAR host=localhost port=5432', closed: 0>
07/05/2024 01:19:19 PM DEBUG [connection_db.py: 26] CONEXION A DB EXITOSA: <connection object at 0x000001D2FC5C3EF0; dsn: 'user=postgres password=xxx dbname=CONTROL_ESCOLAR host=localhost port=5432', closed: 0>
07/05/2024 01:20:25 PM DEBUG [connection_db.py: 26] CONEXION A DB EXITOSA: <connection object at 0x000002055A413EF0; dsn: 'user=postgres password=xxx dbname=CONTROL_ESCOLAR host=localhost port=5432', closed: 0>
07/05/2024 01:30:28 PM DEBUG [connection_db.py: 26] CONEXION A DB EXITOSA: <connection object at 0x00000165E2E43EF0; dsn: 'user=postgres password=xxx dbname=CONTROL_ESCOLAR host=localhost port=5432', closed: 0>
07/05/2024 01:37:25 PM DEBUG [connection_db.py: 26] CONEXION A DB EXITOSA: <connection object at 0x0000011E49343EF0; dsn: 'user=postgres password=xxx dbname=CONTROL_ESCOLAR host=localhost port=5432', closed: 0>
07/05/2024 01:39:43 PM DEBUG [connection_db.py: 26] CONEXION A DB EXITOSA: <connection object at 0x0000020DAE013EF0; dsn: 'user=postgres password=xxx dbname=CONTROL_ESCOLAR host=localhost port=5432', closed: 0>
07/05/2024 01:41:43 PM DEBUG [connection_db.py: 26] CONEXION A DB EXITOSA: <connection object at 0x000001CBB0B546A0; dsn: 'user=postgres password=xxx dbname=CONTROL_ESCOLAR host=localhost port=5432', closed: 0>
07/05/2024 01:45:01 PM DEBUG [connection_db.py: 26] CONEXION A DB EXITOSA: <connection object at 0x00000164367D46A0; dsn: 'user=postgres password=xxx dbname=CONTROL_ESCOLAR host=localhost port=5432', closed: 0>
07/05/2024 07:07:43 PM DEBUG [connection_db.py: 26] CONEXION A DB EXITOSA: <connection object at 0x000001AD9B48FCD0; dsn: 'user=postgres password=xxx dbname=CONTROL_ESCOLAR host=localhost port=5432', closed: 0>
07/05/2024 07:12:10 PM DEBUG [connection_db.py: 26] CONEXION A DB EXITOSA: <connection object at 0x00000220BF7EBCD0; dsn: 'user=postgres password=xxx dbname=CONTROL_ESCOLAR host=localhost port=5432', closed: 0>
07/05/2024 07:14:24 PM DEBUG [connection_db.py: 26] CONEXION A DB EXITOSA: <connection object at 0x000001F5E8ADBCD0; dsn: 'user=postgres password=xxx dbname=CONTROL_ESCOLAR host=localhost port=5432', closed: 0>
07/05/2024 07:15:11 PM DEBUG [connection_db.py: 26] CONEXION A DB EXITOSA: <connection object at 0x000001FB9FA8BCD0; dsn: 'user=postgres password=xxx dbname=CONTROL_ESCOLAR host=localhost port=5432', closed: 0>
07/05/2024 07:15:37 PM DEBUG [connection_db.py: 26] CONEXION A DB EXITOSA: <connection object at 0x000002606CC2BCD0; dsn: 'user=postgres password=xxx dbname=CONTROL_ESCOLAR host=localhost port=5432', closed: 0>
07/05/2024 07:16:17 PM DEBUG [connection_db.py: 26] CONEXION A DB EXITOSA: <connection object at 0x000001F8AC7FBCD0; dsn: 'user=postgres password=xxx dbname=CONTROL_ESCOLAR host=localhost port=5432', closed: 0>
07/05/2024 07:17:13 PM DEBUG [connection_db.py: 26] CONEXION A DB EXITOSA: <connection object at 0x000002752E9CBCD0; dsn: 'user=postgres password=xxx dbname=CONTROL_ESCOLAR host=localhost port=5432', closed: 0>
07/05/2024 07:20:21 PM DEBUG [connection_db.py: 26] CONEXION A DB EXITOSA: <connection object at 0x000001EB8662BCD0; dsn: 'user=postgres password=xxx dbname=CONTROL_ESCOLAR host=localhost port=5432', closed: 0>
07/05/2024 07:49:26 PM DEBUG [connection_db.py: 26] CONEXION A DB EXITOSA: <connection object at 0x00000260A5D53CD0; dsn: 'user=postgres password=xxx dbname=CONTROL_ESCOLAR host=localhost port=5432', closed: 0>
07/05/2024 07:53:51 PM DEBUG [connection_db.py: 26] CONEXION A DB EXITOSA: <connection object at 0x000002DF10D03CD0; dsn: 'user=postgres password=xxx dbname=CONTROL_ESCOLAR host=localhost port=5432', closed: 0>
07/05/2024 07:54:20 PM DEBUG [connection_db.py: 26] CONEXION A DB EXITOSA: <connection object at 0x000001B5F5213CD0; dsn: 'user=postgres password=xxx dbname=CONTROL_ESCOLAR host=localhost port=5432', closed: 0>
07/05/2024 07:55:08 PM DEBUG [connection_db.py: 26] CONEXION A DB EXITOSA: <connection object at 0x000002AF6A723CD0; dsn: 'user=postgres password=xxx dbname=CONTROL_ESCOLAR host=localhost port=5432', closed: 0>
07/05/2024 07:58:43 PM DEBUG [connection_db.py: 26] CONEXION A DB EXITOSA: <connection object at 0x0000022887723DE0; dsn: 'user=postgres password=xxx dbname=CONTROL_ESCOLAR host=localhost port=5432', closed: 0>
07/05/2024 08:04:51 PM DEBUG [connection_db.py: 26] CONEXION A DB EXITOSA: <connection object at 0x000001ED59343DE0; dsn: 'user=postgres password=xxx dbname=CONTROL_ESCOLAR host=localhost port=5432', closed: 0>
07/05/2024 08:07:06 PM DEBUG [connection_db.py: 26] CONEXION A DB EXITOSA: <connection object at 0x0000026867543DE0; dsn: 'user=postgres password=xxx dbname=CONTROL_ESCOLAR host=localhost port=5432', closed: 0>
07/05/2024 08:09:25 PM DEBUG [connection_db.py: 26] CONEXION A DB EXITOSA: <connection object at 0x000002889BA0BCD0; dsn: 'user=postgres password=xxx dbname=CONTROL_ESCOLAR host=localhost port=5432', closed: 0>
07/05/2024 08:10:44 PM DEBUG [connection_db.py: 26] CONEXION A DB EXITOSA: <connection object at 0x0000021518BDBCD0; dsn: 'user=postgres password=xxx dbname=CONTROL_ESCOLAR host=localhost port=5432', closed: 0>
07/05/2024 08:14:02 PM DEBUG [connection_db.py: 26] CONEXION A DB EXITOSA: <connection object at 0x000001B71E48BCD0; dsn: 'user=postgres password=xxx dbname=CONTROL_ESCOLAR host=localhost port=5432', closed: 0>
07/05/2024 08:16:06 PM DEBUG [connection_db.py: 26] CONEXION A DB EXITOSA: <connection object at 0x0000021B7C96BCD0; dsn: 'user=postgres password=xxx dbname=CONTROL_ESCOLAR host=localhost port=5432', closed: 0>
07/05/2024 08:17:59 PM DEBUG [connection_db.py: 26] CONEXION A DB EXITOSA: <connection object at 0x000001AF5D02BCD0; dsn: 'user=postgres password=xxx dbname=CONTROL_ESCOLAR host=localhost port=5432', closed: 0>
07/05/2024 08:34:11 PM DEBUG [connection_db.py: 26] CONEXION A DB EXITOSA: <connection object at 0x00000292824B7CD0; dsn: 'user=postgres password=xxx dbname=CONTROL_ESCOLAR host=localhost port=5432', closed: 0>
07/05/2024 08:35:25 PM DEBUG [connection_db.py: 26] CONEXION A DB EXITOSA: <connection object at 0x000002317B4DBCD0; dsn: 'user=postgres password=xxx dbname=CONTROL_ESCOLAR host=localhost port=5432', closed: 0>
07/05/2024 08:35:43 PM DEBUG [connection_db.py: 26] CONEXION A DB EXITOSA: <connection object at 0x0000020D6B49BCD0; dsn: 'user=postgres password=xxx dbname=CONTROL_ESCOLAR host=localhost port=5432', closed: 0>
07/05/2024 08:57:52 PM DEBUG [connection_db.py: 26] CONEXION A DB EXITOSA: <connection object at 0x000001F9396D7CD0; dsn: 'user=postgres password=xxx dbname=CONTROL_ESCOLAR host=localhost port=5432', closed: 0>
07/05/2024 09:02:15 PM DEBUG [connection_db.py: 26] CONEXION A DB EXITOSA: <connection object at 0x000001E5D78E7CD0; dsn: 'user=postgres password=xxx dbname=CONTROL_ESCOLAR host=localhost port=5432', closed: 0>
07/05/2024 09:02:41 PM DEBUG [connection_db.py: 26] CONEXION A DB EXITOSA: <connection object at 0x0000022A87F47CD0; dsn: 'user=postgres password=xxx dbname=CONTROL_ESCOLAR host=localhost port=5432', closed: 0>
07/05/2024 09:07:34 PM DEBUG [connection_db.py: 26] CONEXION A DB EXITOSA: <connection object at 0x0000020F6FEA7CD0; dsn: 'user=postgres password=xxx dbname=CONTROL_ESCOLAR host=localhost port=5432', closed: 0>
07/05/2024 09:08:06 PM DEBUG [connection_db.py: 26] CONEXION A DB EXITOSA: <connection object at 0x00000208E7EB7CD0; dsn: 'user=postgres password=xxx dbname=CONTROL_ESCOLAR host=localhost port=5432', closed: 0>
07/05/2024 09:08:24 PM DEBUG [connection_db.py: 26] CONEXION A DB EXITOSA: <connection object at 0x000001ABC85A7CD0; dsn: 'user=postgres password=xxx dbname=CONTROL_ESCOLAR host=localhost port=5432', closed: 0>
07/05/2024 09:08:42 PM DEBUG [connection_db.py: 26] CONEXION A DB EXITOSA: <connection object at 0x00000299FF687CD0; dsn: 'user=postgres password=xxx dbname=CONTROL_ESCOLAR host=localhost port=5432', closed: 0>
07/05/2024 09:08:47 PM DEBUG [connection_db.py: 26] CONEXION A DB EXITOSA: <connection object at 0x0000019EF1297CD0; dsn: 'user=postgres password=xxx dbname=CONTROL_ESCOLAR host=localhost port=5432', closed: 0>
07/05/2024 09:09:00 PM DEBUG [connection_db.py: 26] CONEXION A DB EXITOSA: <connection object at 0x00000186E0FA7CD0; dsn: 'user=postgres password=xxx dbname=CONTROL_ESCOLAR host=localhost port=5432', closed: 0>
07/05/2024 09:19:53 PM DEBUG [connection_db.py: 26] CONEXION A DB EXITOSA: <connection object at 0x0000029D72DB7CD0; dsn: 'user=postgres password=xxx dbname=CONTROL_ESCOLAR host=localhost port=5432', closed: 0>
07/05/2024 09:20:30 PM DEBUG [connection_db.py: 26] CONEXION A DB EXITOSA: <connection object at 0x000002BC3DEC7CD0; dsn: 'user=postgres password=xxx dbname=CONTROL_ESCOLAR host=localhost port=5432', closed: 0>
07/05/2024 09:22:05 PM DEBUG [connection_db.py: 26] CONEXION A DB EXITOSA: <connection object at 0x000002C34AEC7CD0; dsn: 'user=postgres password=xxx dbname=CONTROL_ESCOLAR host=localhost port=5432', closed: 0>
07/05/2024 09:27:34 PM DEBUG [connection_db.py: 26] CONEXION A DB EXITOSA: <connection object at 0x000001926BC27CD0; dsn: 'user=postgres password=xxx dbname=CONTROL_ESCOLAR host=localhost port=5432', closed: 0>
07/05/2024 10:30:52 PM DEBUG [connection_db.py: 26] CONEXION A DB EXITOSA: <connection object at 0x0000024C19C03DE0; dsn: 'user=postgres password=xxx dbname=CONTROL_ESCOLAR host=localhost port=5432', closed: 0>
07/05/2024 10:35:21 PM DEBUG [connection_db.py: 26] CONEXION A DB EXITOSA: <connection object at 0x000001346E9E7CD0; dsn: 'user=postgres password=xxx dbname=CONTROL_ESCOLAR host=localhost port=5432', closed: 0>
07/05/2024 10:35:25 PM DEBUG [connection_db.py: 26] CONEXION A DB EXITOSA: <connection object at 0x0000020965737CD0; dsn: 'user=postgres password=xxx dbname=CONTROL_ESCOLAR host=localhost port=5432', closed: 0>
07/05/2024 10:37:10 PM DEBUG [connection_db.py: 26] CONEXION A DB EXITOSA: <connection object at 0x000001C6DA507CD0; dsn: 'user=postgres password=xxx dbname=CONTROL_ESCOLAR host=localhost port=5432', closed: 0>
07/05/2024 10:47:42 PM DEBUG [connection_db.py: 26] CONEXION A DB EXITOSA: <connection object at 0x000001FFB3B63DE0; dsn: 'user=postgres password=xxx dbname=CONTROL_ESCOLAR host=localhost port=5432', closed: 0>
07/05/2024 10:47:53 PM DEBUG [connection_db.py: 26] CONEXION A DB EXITOSA: <connection object at 0x000002B40C737CD0; dsn: 'user=postgres password=xxx dbname=CONTROL_ESCOLAR host=localhost port=5432', closed: 0>
07/05/2024 10:47:57 PM DEBUG [connection_db.py: 26] CONEXION A DB EXITOSA: <connection object at 0x0000020DE5BD7CD0; dsn: 'user=postgres password=xxx dbname=CONTROL_ESCOLAR host=localhost port=5432', closed: 0>
07/05/2024 10:48:27 PM DEBUG [connection_db.py: 26] CONEXION A DB EXITOSA: <connection object at 0x000001B6CC7E3DE0; dsn: 'user=postgres password=xxx dbname=CONTROL_ESCOLAR host=localhost port=5432', closed: 0>
07/05/2024 10:49:59 PM DEBUG [connection_db.py: 26] CONEXION A DB EXITOSA: <connection object at 0x0000023670EC7CD0; dsn: 'user=postgres password=xxx dbname=CONTROL_ESCOLAR host=localhost port=5432', closed: 0>
07/05/2024 10:51:16 PM DEBUG [connection_db.py: 26] CONEXION A DB EXITOSA: <connection object at 0x0000019390793DE0; dsn: 'user=postgres password=xxx dbname=CONTROL_ESCOLAR host=localhost port=5432', closed: 0>
07/05/2024 10:51:31 PM DEBUG [connection_db.py: 26] CONEXION A DB EXITOSA: <connection object at 0x000001FF75CB7CD0; dsn: 'user=postgres password=xxx dbname=CONTROL_ESCOLAR host=localhost port=5432', closed: 0>
07/05/2024 10:51:35 PM DEBUG [connection_db.py: 26] CONEXION A DB EXITOSA: <connection object at 0x0000018B8F033DE0; dsn: 'user=postgres password=xxx dbname=CONTROL_ESCOLAR host=localhost port=5432', closed: 0>
07/05/2024 10:52:38 PM DEBUG [connection_db.py: 26] CONEXION A DB EXITOSA: <connection object at 0x000001E6F2CC7CD0; dsn: 'user=postgres password=xxx dbname=CONTROL_ESCOLAR host=localhost port=5432', closed: 0>
07/05/2024 10:52:55 PM DEBUG [connection_db.py: 26] CONEXION A DB EXITOSA: <connection object at 0x000001D348477CD0; dsn: 'user=postgres password=xxx dbname=CONTROL_ESCOLAR host=localhost port=5432', closed: 0>
07/05/2024 11:46:48 PM DEBUG [connection_db.py: 26] CONEXION A DB EXITOSA: <connection object at 0x000001DE526146A0; dsn: 'user=postgres password=xxx dbname=CONTROL_ESCOLAR host=localhost port=5432', closed: 0>
07/05/2024 11:48:44 PM DEBUG [connection_db.py: 26] CONEXION A DB EXITOSA: <connection object at 0x000002679D8A7EF0; dsn: 'user=postgres password=xxx dbname=CONTROL_ESCOLAR host=localhost port=5432', closed: 0>
07/05/2024 11:52:00 PM DEBUG [connection_db.py: 26] CONEXION A DB EXITOSA: <connection object at 0x0000022F04CD7EF0; dsn: 'user=postgres password=xxx dbname=CONTROL_ESCOLAR host=localhost port=5432', closed: 0>
07/05/2024 11:54:25 PM DEBUG [connection_db.py: 26] CONEXION A DB EXITOSA: <connection object at 0x000001FE60C67EF0; dsn: 'user=postgres password=xxx dbname=CONTROL_ESCOLAR host=localhost port=5432', closed: 0>
07/05/2024 11:56:47 PM DEBUG [connection_db.py: 26] CONEXION A DB EXITOSA: <connection object at 0x000002C75C6D7EF0; dsn: 'user=postgres password=xxx dbname=CONTROL_ESCOLAR host=localhost port=5432', closed: 0>
07/05/2024 11:59:13 PM DEBUG [connection_db.py: 26] CONEXION A DB EXITOSA: <connection object at 0x000001BCD1F77EF0; dsn: 'user=postgres password=xxx dbname=CONTROL_ESCOLAR host=localhost port=5432', closed: 0>
07/05/2024 11:59:38 PM DEBUG [connection_db.py: 26] CONEXION A DB EXITOSA: <connection object at 0x0000025957997EF0; dsn: 'user=postgres password=xxx dbname=CONTROL_ESCOLAR host=localhost port=5432', closed: 0>
08/05/2024 12:01:57 AM DEBUG [connection_db.py: 26] CONEXION A DB EXITOSA: <connection object at 0x000001F563F17EF0; dsn: 'user=postgres password=xxx dbname=CONTROL_ESCOLAR host=localhost port=5432', closed: 0>
08/05/2024 12:03:34 AM DEBUG [connection_db.py: 26] CONEXION A DB EXITOSA: <connection object at 0x0000028F36687EF0; dsn: 'user=postgres password=xxx dbname=CONTROL_ESCOLAR host=localhost port=5432', closed: 0>
08/05/2024 12:04:26 AM DEBUG [connection_db.py: 26] CONEXION A DB EXITOSA: <connection object at 0x000002151B967EF0; dsn: 'user=postgres password=xxx dbname=CONTROL_ESCOLAR host=localhost port=5432', closed: 0>
08/05/2024 12:05:42 AM DEBUG [connection_db.py: 26] CONEXION A DB EXITOSA: <connection object at 0x00000272BA4A7EF0; dsn: 'user=postgres password=xxx dbname=CONTROL_ESCOLAR host=localhost port=5432', closed: 0>
08/05/2024 12:07:02 AM DEBUG [connection_db.py: 26] CONEXION A DB EXITOSA: <connection object at 0x0000027D5DFA7EF0; dsn: 'user=postgres password=xxx dbname=CONTROL_ESCOLAR host=localhost port=5432', closed: 0>
08/05/2024 12:09:59 AM DEBUG [connection_db.py: 26] CONEXION A DB EXITOSA: <connection object at 0x0000025D41917EF0; dsn: 'user=postgres password=xxx dbname=CONTROL_ESCOLAR host=localhost port=5432', closed: 0>
08/05/2024 12:14:10 AM DEBUG [connection_db.py: 26] CONEXION A DB EXITOSA: <connection object at 0x0000021B251F7EF0; dsn: 'user=postgres password=xxx dbname=CONTROL_ESCOLAR host=localhost port=5432', closed: 0>
08/05/2024 12:15:26 AM DEBUG [connection_db.py: 26] CONEXION A DB EXITOSA: <connection object at 0x000002473B017CD0; dsn: 'user=postgres password=xxx dbname=CONTROL_ESCOLAR host=localhost port=5432', closed: 0>
08/05/2024 12:21:15 AM DEBUG [connection_db.py: 26] CONEXION A DB EXITOSA: <connection object at 0x000001E83EFC7CD0; dsn: 'user=postgres password=xxx dbname=CONTROL_ESCOLAR host=localhost port=5432', closed: 0>
08/05/2024 12:21:26 AM DEBUG [connection_db.py: 26] CONEXION A DB EXITOSA: <connection object at 0x000001F01FB97CD0; dsn: 'user=postgres password=xxx dbname=CONTROL_ESCOLAR host=localhost port=5432', closed: 0>
08/05/2024 12:23:29 AM DEBUG [connection_db.py: 26] CONEXION A DB EXITOSA: <connection object at 0x000001DB2C8D7CD0; dsn: 'user=postgres password=xxx dbname=CONTROL_ESCOLAR host=localhost port=5432', closed: 0>
08/05/2024 12:23:51 AM DEBUG [connection_db.py: 26] CONEXION A DB EXITOSA: <connection object at 0x0000021939ED3DE0; dsn: 'user=postgres password=xxx dbname=CONTROL_ESCOLAR host=localhost port=5432', closed: 0>
08/05/2024 12:25:35 AM DEBUG [connection_db.py: 26] CONEXION A DB EXITOSA: <connection object at 0x000001787C6D7BC0; dsn: 'user=postgres password=xxx dbname=CONTROL_ESCOLAR host=localhost port=5432', closed: 0>
08/05/2024 12:27:51 AM DEBUG [connection_db.py: 26] CONEXION A DB EXITOSA: <connection object at 0x000002262FA87CD0; dsn: 'user=postgres password=xxx dbname=CONTROL_ESCOLAR host=localhost port=5432', closed: 0>
08/05/2024 12:35:30 AM DEBUG [connection_db.py: 26] CONEXION A DB EXITOSA: <connection object at 0x00000188EE2B7CD0; dsn: 'user=postgres password=xxx dbname=CONTROL_ESCOLAR host=localhost port=5432', closed: 0>
08/05/2024 12:38:31 AM DEBUG [connection_db.py: 26] CONEXION A DB EXITOSA: <connection object at 0x00000170C58A7CD0; dsn: 'user=postgres password=xxx dbname=CONTROL_ESCOLAR host=localhost port=5432', closed: 0>
08/05/2024 12:43:35 AM DEBUG [connection_db.py: 26] CONEXION A DB EXITOSA: <connection object at 0x00000233E4697CD0; dsn: 'user=postgres password=xxx dbname=CONTROL_ESCOLAR host=localhost port=5432', closed: 0>
08/05/2024 12:48:16 AM DEBUG [connection_db.py: 26] CONEXION A DB EXITOSA: <connection object at 0x0000027AC4A77CD0; dsn: 'user=postgres password=xxx dbname=CONTROL_ESCOLAR host=localhost port=5432', closed: 0>
08/05/2024 12:48:39 AM DEBUG [connection_db.py: 26] CONEXION A DB EXITOSA: <connection object at 0x000001D130BC7CD0; dsn: 'user=postgres password=xxx dbname=CONTROL_ESCOLAR host=localhost port=5432', closed: 0>
08/05/2024 12:49:30 AM DEBUG [connection_db.py: 26] CONEXION A DB EXITOSA: <connection object at 0x0000018276EB7CD0; dsn: 'user=postgres password=xxx dbname=CONTROL_ESCOLAR host=localhost port=5432', closed: 0>
08/05/2024 12:55:18 AM DEBUG [connection_db.py: 26] CONEXION A DB EXITOSA: <connection object at 0x000001EA9D573CD0; dsn: 'user=postgres password=xxx dbname=CONTROL_ESCOLAR host=localhost port=5432', closed: 0>
08/05/2024 12:55:46 AM DEBUG [connection_db.py: 26] CONEXION A DB EXITOSA: <connection object at 0x00000239DF3E3CD0; dsn: 'user=postgres password=xxx dbname=CONTROL_ESCOLAR host=localhost port=5432', closed: 0>
08/05/2024 12:56:30 AM DEBUG [connection_db.py: 26] CONEXION A DB EXITOSA: <connection object at 0x0000021D06CF3CD0; dsn: 'user=postgres password=xxx dbname=CONTROL_ESCOLAR host=localhost port=5432', closed: 0>
08/05/2024 12:57:33 AM DEBUG [connection_db.py: 26] CONEXION A DB EXITOSA: <connection object at 0x00000233BD0F3CD0; dsn: 'user=postgres password=xxx dbname=CONTROL_ESCOLAR host=localhost port=5432', closed: 0>
08/05/2024 01:05:07 AM DEBUG [connection_db.py: 26] CONEXION A DB EXITOSA: <connection object at 0x0000027D4D403CD0; dsn: 'user=postgres password=xxx dbname=CONTROL_ESCOLAR host=localhost port=5432', closed: 0>
08/05/2024 01:11:07 AM DEBUG [connection_db.py: 26] CONEXION A DB EXITOSA: <connection object at 0x00000239F3C93CD0; dsn: 'user=postgres password=xxx dbname=CONTROL_ESCOLAR host=localhost port=5432', closed: 0>
08/05/2024 01:12:42 AM DEBUG [connection_db.py: 26] CONEXION A DB EXITOSA: <connection object at 0x000002620B803CD0; dsn: 'user=postgres password=xxx dbname=CONTROL_ESCOLAR host=localhost port=5432', closed: 0>
08/05/2024 01:14:34 AM DEBUG [connection_db.py: 26] CONEXION A DB EXITOSA: <connection object at 0x000001A362533CD0; dsn: 'user=postgres password=xxx dbname=CONTROL_ESCOLAR host=localhost port=5432', closed: 0>
08/05/2024 01:19:54 AM DEBUG [connection_db.py: 26] CONEXION A DB EXITOSA: <connection object at 0x000002608D523DE0; dsn: 'user=postgres password=xxx dbname=CONTROL_ESCOLAR host=localhost port=5432', closed: 0>
08/05/2024 01:21:34 AM DEBUG [connection_db.py: 26] CONEXION A DB EXITOSA: <connection object at 0x000001BF54403DE0; dsn: 'user=postgres password=xxx dbname=CONTROL_ESCOLAR host=localhost port=5432', closed: 0>
08/05/2024 01:24:29 AM DEBUG [connection_db.py: 26] CONEXION A DB EXITOSA: <connection object at 0x000001F9C5803DE0; dsn: 'user=postgres password=xxx dbname=CONTROL_ESCOLAR host=localhost port=5432', closed: 0>
08/05/2024 01:25:07 AM DEBUG [connection_db.py: 26] CONEXION A DB EXITOSA: <connection object at 0x0000027EA8913DE0; dsn: 'user=postgres password=xxx dbname=CONTROL_ESCOLAR host=localhost port=5432', closed: 0>
08/05/2024 01:27:49 AM DEBUG [connection_db.py: 26] CONEXION A DB EXITOSA: <connection object at 0x0000026354927CD0; dsn: 'user=postgres password=xxx dbname=CONTROL_ESCOLAR host=localhost port=5432', closed: 0>
08/05/2024 01:30:28 AM DEBUG [connection_db.py: 26] CONEXION A DB EXITOSA: <connection object at 0x000001CF69797DE0; dsn: 'user=postgres password=xxx dbname=CONTROL_ESCOLAR host=localhost port=5432', closed: 0>
08/05/2024 01:30:44 AM DEBUG [connection_db.py: 26] CONEXION A DB EXITOSA: <connection object at 0x000001A5549E7DE0; dsn: 'user=postgres password=xxx dbname=CONTROL_ESCOLAR host=localhost port=5432', closed: 0>
08/05/2024 01:32:02 AM DEBUG [connection_db.py: 26] CONEXION A DB EXITOSA: <connection object at 0x0000018868687DE0; dsn: 'user=postgres password=xxx dbname=CONTROL_ESCOLAR host=localhost port=5432', closed: 0>
08/05/2024 01:33:03 AM DEBUG [connection_db.py: 26] CONEXION A DB EXITOSA: <connection object at 0x00000152780A3DE0; dsn: 'user=postgres password=xxx dbname=CONTROL_ESCOLAR host=localhost port=5432', closed: 0>
08/05/2024 01:34:53 AM DEBUG [connection_db.py: 26] CONEXION A DB EXITOSA: <connection object at 0x0000026599257DE0; dsn: 'user=postgres password=xxx dbname=CONTROL_ESCOLAR host=localhost port=5432', closed: 0>
08/05/2024 01:37:19 AM DEBUG [connection_db.py: 26] CONEXION A DB EXITOSA: <connection object at 0x0000024DE1437DE0; dsn: 'user=postgres password=xxx dbname=CONTROL_ESCOLAR host=localhost port=5432', closed: 0>
08/05/2024 01:38:13 AM DEBUG [connection_db.py: 26] CONEXION A DB EXITOSA: <connection object at 0x000002CA81F23DE0; dsn: 'user=postgres password=xxx dbname=CONTROL_ESCOLAR host=localhost port=5432', closed: 0>
08/05/2024 01:41:05 AM DEBUG [connection_db.py: 26] CONEXION A DB EXITOSA: <connection object at 0x0000021E3EC55BE0; dsn: 'user=postgres password=xxx dbname=CONTROL_ESCOLAR host=localhost port=5432', closed: 0>
08/05/2024 01:41:43 AM DEBUG [connection_db.py: 26] CONEXION A DB EXITOSA: <connection object at 0x000001D9BAA03DE0; dsn: 'user=postgres password=xxx dbname=CONTROL_ESCOLAR host=localhost port=5432', closed: 0>
08/05/2024 01:41:50 AM DEBUG [connection_db.py: 26] CONEXION A DB EXITOSA: <connection object at 0x0000023F92853DE0; dsn: 'user=postgres password=xxx dbname=CONTROL_ESCOLAR host=localhost port=5432', closed: 0>
